2014-07-09 12:02:18,571 [Worker-2] INFO  o.e.m.c.i.e.AbstractTransferListenerAdapter - Downloading http://repo.maven.apache.org/maven2/org/apache/maven/plugins/maven-clean-plugin/2.5/maven-clean-plugin-2.5.jar
2014-07-09 12:02:19,072 [Worker-2] INFO  o.e.m.c.i.e.AbstractTransferListenerAdapter - Downloaded http://repo.maven.apache.org/maven2/org/apache/maven/plugins/maven-clean-plugin/2.5/maven-clean-plugin-2.5.jar
2014-07-09 12:02:19,304 [Worker-2] INFO  o.e.m.c.i.e.AbstractTransferListenerAdapter - Downloading http://repo.maven.apache.org/maven2/org/apache/maven/plugins/maven-resources-plugin/2.6/maven-resources-plugin-2.6.jar
2014-07-09 12:02:19,850 [Worker-2] INFO  o.e.m.c.i.e.AbstractTransferListenerAdapter - Downloaded http://repo.maven.apache.org/maven2/org/apache/maven/plugins/maven-resources-plugin/2.6/maven-resources-plugin-2.6.jar
2014-07-09 12:02:20,124 [Worker-2] INFO  o.e.m.c.i.e.AbstractTransferListenerAdapter - Downloading http://repo.maven.apache.org/maven2/org/apache/maven/plugins/maven-surefire-plugin/2.12.4/maven-surefire-plugin-2.12.4.jar
2014-07-09 12:02:20,636 [Worker-2] INFO  o.e.m.c.i.e.AbstractTransferListenerAdapter - Downloaded http://repo.maven.apache.org/maven2/org/apache/maven/plugins/maven-surefire-plugin/2.12.4/maven-surefire-plugin-2.12.4.jar
2014-07-09 12:02:20,942 [Worker-2] INFO  o.e.m.c.i.e.AbstractTransferListenerAdapter - Downloading http://repo.maven.apache.org/maven2/org/apache/maven/plugins/maven-war-plugin/2.2/maven-war-plugin-2.2.jar
2014-07-09 12:02:21,576 [Worker-2] INFO  o.e.m.c.i.e.AbstractTransferListenerAdapter - Downloaded http://repo.maven.apache.org/maven2/org/apache/maven/plugins/maven-war-plugin/2.2/maven-war-plugin-2.2.jar
2014-07-09 12:02:21,888 [Worker-2] INFO  o.e.m.c.i.e.AbstractTransferListenerAdapter - Downloading http://repo.maven.apache.org/maven2/org/apache/maven/plugins/maven-install-plugin/2.4/maven-install-plugin-2.4.jar
2014-07-09 12:02:22,217 [Worker-2] INFO  o.e.m.c.i.e.AbstractTransferListenerAdapter - Downloaded http://repo.maven.apache.org/maven2/org/apache/maven/plugins/maven-install-plugin/2.4/maven-install-plugin-2.4.jar
2014-07-09 12:02:22,492 [Worker-2] INFO  o.e.m.c.i.e.AbstractTransferListenerAdapter - Downloading http://repo.maven.apache.org/maven2/org/apache/maven/plugins/maven-site-plugin/3.3/maven-site-plugin-3.3.jar
2014-07-09 12:02:24,141 [Worker-2] INFO  o.e.m.c.i.e.AbstractTransferListenerAdapter - Downloaded http://repo.maven.apache.org/maven2/org/apache/maven/plugins/maven-site-plugin/3.3/maven-site-plugin-3.3.jar
2014-07-09 12:02:26,216 [Worker-2] INFO  o.e.m.c.i.l.LifecycleMappingFactory - Using org.maven.ide.eclipse.wtp.WarLifecycleMapping lifecycle mapping for MavenProject: nicta.pubMedService:pubMedCrawler:0.0.1-SNAPSHOT @ /Users/weiweihou/Desktop/pubmedservice/pubMedCrawler/pom.xml.
2014-07-09 12:02:27,207 [Worker-2] INFO  o.e.m.c.i.e.AbstractTransferListenerAdapter - Downloading http://repo.maven.apache.org/maven2/org/apache/maven/plugins/maven-resources-plugin/2.6/maven-resources-plugin-2.6.pom
2014-07-09 12:02:27,535 [Worker-2] INFO  o.e.m.c.i.e.AbstractTransferListenerAdapter - Downloaded http://repo.maven.apache.org/maven2/org/apache/maven/plugins/maven-resources-plugin/2.6/maven-resources-plugin-2.6.pom
2014-07-09 12:02:27,770 [Worker-2] INFO  o.e.m.c.i.e.AbstractTransferListenerAdapter - Downloading http://repo.maven.apache.org/maven2/org/apache/maven/plugins/maven-surefire-plugin/2.12.4/maven-surefire-plugin-2.12.4.pom
2014-07-09 12:02:28,103 [Worker-2] INFO  o.e.m.c.i.e.AbstractTransferListenerAdapter - Downloaded http://repo.maven.apache.org/maven2/org/apache/maven/plugins/maven-surefire-plugin/2.12.4/maven-surefire-plugin-2.12.4.pom
2014-07-09 12:02:28,275 [Worker-2] INFO  o.e.m.c.i.e.AbstractTransferListenerAdapter - Downloading http://repo.maven.apache.org/maven2/org/apache/maven/surefire/surefire/2.12.4/surefire-2.12.4.pom
2014-07-09 12:02:28,607 [Worker-2] INFO  o.e.m.c.i.e.AbstractTransferListenerAdapter - Downloaded http://repo.maven.apache.org/maven2/org/apache/maven/surefire/surefire/2.12.4/surefire-2.12.4.pom
2014-07-09 12:02:28,792 [Worker-2] INFO  o.e.m.c.i.e.AbstractTransferListenerAdapter - Downloading http://repo.maven.apache.org/maven2/org/apache/maven/plugins/maven-war-plugin/2.2/maven-war-plugin-2.2.pom
2014-07-09 12:02:29,119 [Worker-2] INFO  o.e.m.c.i.e.AbstractTransferListenerAdapter - Downloaded http://repo.maven.apache.org/maven2/org/apache/maven/plugins/maven-war-plugin/2.2/maven-war-plugin-2.2.pom
2014-07-09 12:02:29,815 [Worker-2] INFO  o.e.m.c.i.e.AbstractTransferListenerAdapter - Downloading http://repo.maven.apache.org/maven2/org/codehaus/plexus/plexus-io/2.0.2/plexus-io-2.0.2.jar
2014-07-09 12:02:30,330 [Worker-2] INFO  o.e.m.c.i.e.AbstractTransferListenerAdapter - Downloaded http://repo.maven.apache.org/maven2/org/codehaus/plexus/plexus-io/2.0.2/plexus-io-2.0.2.jar
2014-07-09 12:02:30,492 [Worker-2] INFO  o.e.m.c.i.e.AbstractTransferListenerAdapter - Downloading http://repo.maven.apache.org/maven2/org/codehaus/plexus/plexus-archiver/2.1/plexus-archiver-2.1.jar
2014-07-09 12:02:31,191 [Worker-2] INFO  o.e.m.c.i.e.AbstractTransferListenerAdapter - Downloaded http://repo.maven.apache.org/maven2/org/codehaus/plexus/plexus-archiver/2.1/plexus-archiver-2.1.jar
2014-07-09 12:02:32,917 [Worker-2] INFO  o.e.m.c.i.embedder.EclipseLogger - Skipped XJC execution. No schemas to compile.
2014-07-09 12:02:33,162 [Worker-2] INFO  o.e.m.c.i.e.AbstractTransferListenerAdapter - Downloading http://repo.maven.apache.org/maven2/org/apache/maven/shared/maven-filtering/1.1/maven-filtering-1.1.pom
2014-07-09 12:02:33,494 [Worker-2] INFO  o.e.m.c.i.e.AbstractTransferListenerAdapter - Downloaded http://repo.maven.apache.org/maven2/org/apache/maven/shared/maven-filtering/1.1/maven-filtering-1.1.pom
2014-07-09 12:02:33,779 [Worker-2] INFO  o.e.m.c.i.e.AbstractTransferListenerAdapter - Downloading http://repo.maven.apache.org/maven2/org/apache/maven/shared/maven-filtering/1.1/maven-filtering-1.1.jar
2014-07-09 12:02:34,127 [Worker-2] INFO  o.e.m.c.i.e.AbstractTransferListenerAdapter - Downloaded http://repo.maven.apache.org/maven2/org/apache/maven/shared/maven-filtering/1.1/maven-filtering-1.1.jar
2014-07-09 12:02:34,240 [Worker-2] INFO  o.e.m.j.i.AbstractJavaProjectConfigurator - Adding source folder /pubMedCrawler/src/main/java
2014-07-09 12:02:34,241 [Worker-2] INFO  o.e.m.j.i.AbstractJavaProjectConfigurator - Adding source folder /pubMedCrawler/target/generated-sources/xjc
2014-07-09 12:02:34,241 [Worker-2] INFO  o.e.m.j.i.AbstractJavaProjectConfigurator - Resources folder /pubMedCrawler/src/main/webapp overlaps with sources folder /pubMedCrawler/src/main/webapp
2014-07-09 12:02:34,242 [Worker-2] INFO  o.e.m.j.i.AbstractJavaProjectConfigurator - Adding source folder /pubMedCrawler/src/test/java
2014-07-09 12:02:38,246 [Worker-2] INFO  o.e.m.c.i.p.ProjectConfigurationManager - Imported and configured 1 project(s) in 28 sec
2014-07-09 12:02:43,587 [Worker-4] INFO  o.e.m.c.i.l.LifecycleMappingFactory - Using org.maven.ide.eclipse.wtp.WarLifecycleMapping lifecycle mapping for MavenProject: nicta.pubMedService:pubMedCrawler:0.0.1-SNAPSHOT @ /Users/weiweihou/Desktop/pubmedservice/pubMedCrawler/pom.xml.
2014-07-09 12:02:43,995 [Worker-4] INFO  o.e.m.c.i.e.AbstractTransferListenerAdapter - Downloading http://repo.maven.apache.org/maven2/org/apache/maven/plugins/maven-clean-plugin/2.5/maven-clean-plugin-2.5.pom
2014-07-09 12:02:44,324 [Worker-4] INFO  o.e.m.c.i.e.AbstractTransferListenerAdapter - Downloaded http://repo.maven.apache.org/maven2/org/apache/maven/plugins/maven-clean-plugin/2.5/maven-clean-plugin-2.5.pom
2014-07-09 12:02:44,505 [Worker-4] INFO  o.e.m.c.i.e.AbstractTransferListenerAdapter - Downloading http://repo.maven.apache.org/maven2/org/apache/maven/plugins/maven-install-plugin/2.4/maven-install-plugin-2.4.pom
2014-07-09 12:02:44,833 [Worker-4] INFO  o.e.m.c.i.e.AbstractTransferListenerAdapter - Downloaded http://repo.maven.apache.org/maven2/org/apache/maven/plugins/maven-install-plugin/2.4/maven-install-plugin-2.4.pom
2014-07-09 12:02:45,034 [Worker-4] INFO  o.e.m.c.i.embedder.EclipseLogger - Skipped XJC execution. No schemas to compile.
2014-07-09 12:02:45,078 [Worker-4] WARN  o.e.m.c.i.embedder.EclipseLogger - Using platform encoding (US-ASCII actually) to copy filtered resources, i.e. build is platform dependent!
2014-07-09 12:02:45,080 [Worker-4] INFO  o.e.m.c.i.embedder.EclipseLogger - Copying 0 resource to WEB-INF
2014-07-09 12:02:45,080 [Worker-4] INFO  o.e.m.c.i.embedder.EclipseLogger - Copying 0 resource
2014-07-09 12:02:45,083 [Worker-4] WARN  o.e.m.c.i.embedder.EclipseLogger - Using platform encoding (US-ASCII actually) to copy filtered resources, i.e. build is platform dependent!
2014-07-09 12:02:45,084 [Worker-4] INFO  o.e.m.c.i.embedder.EclipseLogger - skip non existing resourceDirectory /Users/weiweihou/Desktop/pubmedservice/pubMedCrawler/src/test/resources
2014-07-09 12:03:14,583 [Worker-3] INFO  o.e.m.c.i.l.LifecycleMappingFactory - Using org.maven.ide.eclipse.wtp.WarLifecycleMapping lifecycle mapping for MavenProject: nicta.pubMedService:pubMedCrawler:0.0.1-SNAPSHOT @ /Users/weiweihou/Desktop/pubmedservice/pubMedCrawler/pom.xml.
2014-07-09 12:03:14,964 [Worker-3] INFO  o.e.m.c.i.embedder.EclipseLogger - Skipped XJC execution. No schemas to compile.
2014-07-09 12:03:14,966 [Worker-3] WARN  o.e.m.c.i.embedder.EclipseLogger - Using platform encoding (US-ASCII actually) to copy filtered resources, i.e. build is platform dependent!
2014-07-09 12:03:15,007 [Worker-3] INFO  o.e.m.c.i.embedder.EclipseLogger - Copying 0 resource to WEB-INF
2014-07-09 12:03:15,010 [Worker-3] INFO  o.e.m.c.i.embedder.EclipseLogger - Copying 0 resource
2014-07-09 12:03:15,013 [Worker-3] WARN  o.e.m.c.i.embedder.EclipseLogger - Using platform encoding (US-ASCII actually) to copy filtered resources, i.e. build is platform dependent!
2014-07-09 12:03:15,013 [Worker-3] INFO  o.e.m.c.i.embedder.EclipseLogger - skip non existing resourceDirectory /Users/weiweihou/Desktop/pubmedservice/pubMedCrawler/src/test/resources
2014-07-09 12:03:48,362 [Worker-3] INFO  o.e.m.c.i.embedder.EclipseLogger - Skipped XJC execution. No schemas to compile.
2014-07-09 12:03:48,364 [Worker-3] WARN  o.e.m.c.i.embedder.EclipseLogger - Using platform encoding (US-ASCII actually) to copy filtered resources, i.e. build is platform dependent!
2014-07-09 12:03:48,365 [Worker-3] INFO  o.e.m.c.i.embedder.EclipseLogger - Copying 0 resource to WEB-INF
2014-07-09 12:03:48,365 [Worker-3] INFO  o.e.m.c.i.embedder.EclipseLogger - Copying 0 resource
2014-07-09 12:03:48,367 [Worker-3] WARN  o.e.m.c.i.embedder.EclipseLogger - Using platform encoding (US-ASCII actually) to copy filtered resources, i.e. build is platform dependent!
2014-07-09 12:03:48,368 [Worker-3] INFO  o.e.m.c.i.embedder.EclipseLogger - skip non existing resourceDirectory /Users/weiweihou/Desktop/pubmedservice/pubMedCrawler/src/test/resources
2014-07-09 12:10:05,896 [Worker-7] INFO  o.e.m.c.i.embedder.EclipseLogger - Skipped XJC execution. No schemas to compile.
2014-07-09 12:10:05,927 [Worker-7] WARN  o.e.m.c.i.embedder.EclipseLogger - Using platform encoding (US-ASCII actually) to copy filtered resources, i.e. build is platform dependent!
2014-07-09 12:10:05,953 [Worker-7] INFO  o.e.m.c.i.embedder.EclipseLogger - Copying 0 resource to WEB-INF
2014-07-09 12:10:05,954 [Worker-7] INFO  o.e.m.c.i.embedder.EclipseLogger - Copying 0 resource
2014-07-09 12:10:05,956 [Worker-7] WARN  o.e.m.c.i.embedder.EclipseLogger - Using platform encoding (US-ASCII actually) to copy filtered resources, i.e. build is platform dependent!
2014-07-09 12:10:05,957 [Worker-7] INFO  o.e.m.c.i.embedder.EclipseLogger - skip non existing resourceDirectory /Users/weiweihou/Desktop/pubmedservice/pubMedCrawler/src/test/resources
2014-07-09 12:11:26,547 [Worker-0] INFO  o.e.m.c.i.l.LifecycleMappingFactory - Using org.maven.ide.eclipse.wtp.WarLifecycleMapping lifecycle mapping for MavenProject: nicta.pubMedService:pubMedCrawler:0.0.1-SNAPSHOT @ /Users/weiweihou/Desktop/pubmedservice/pubMedCrawler/pom.xml.
2014-07-09 12:11:26,770 [Worker-0] INFO  o.e.m.c.i.embedder.EclipseLogger - Skipped XJC execution. No schemas to compile.
2014-07-09 12:11:26,772 [Worker-0] WARN  o.e.m.c.i.embedder.EclipseLogger - Using platform encoding (US-ASCII actually) to copy filtered resources, i.e. build is platform dependent!
2014-07-09 12:11:26,772 [Worker-0] INFO  o.e.m.c.i.embedder.EclipseLogger - Copying 0 resource to WEB-INF
2014-07-09 12:11:26,773 [Worker-0] INFO  o.e.m.c.i.embedder.EclipseLogger - Copying 0 resource
2014-07-09 12:11:26,774 [Worker-0] WARN  o.e.m.c.i.embedder.EclipseLogger - Using platform encoding (US-ASCII actually) to copy filtered resources, i.e. build is platform dependent!
2014-07-09 12:11:26,775 [Worker-0] INFO  o.e.m.c.i.embedder.EclipseLogger - skip non existing resourceDirectory /Users/weiweihou/Desktop/pubmedservice/pubMedCrawler/src/test/resources
2014-07-09 12:13:07,229 [Worker-4] INFO  o.e.m.c.i.l.LifecycleMappingFactory - Using org.maven.ide.eclipse.wtp.WarLifecycleMapping lifecycle mapping for MavenProject: nicta.pubMedService:pubMedCrawler:0.0.1-SNAPSHOT @ /Users/weiweihou/Desktop/pubmedservice/pubMedCrawler/pom.xml.
2014-07-09 12:13:07,667 [Worker-4] INFO  o.e.m.c.i.e.AbstractTransferListenerAdapter - Downloading http://repo.maven.apache.org/maven2/javax/servlet/javax.servlet-api/3.1.0/javax.servlet-api-3.1.0.pom
2014-07-09 12:13:08,153 [Worker-4] INFO  o.e.m.c.i.e.AbstractTransferListenerAdapter - Downloaded http://repo.maven.apache.org/maven2/javax/servlet/javax.servlet-api/3.1.0/javax.servlet-api-3.1.0.pom
2014-07-09 12:13:08,389 [Worker-4] INFO  o.e.m.c.i.e.AbstractTransferListenerAdapter - Downloading http://repo.maven.apache.org/maven2/javax/servlet/javax.servlet-api/3.1.0/javax.servlet-api-3.1.0.jar
2014-07-09 12:13:09,297 [Worker-4] INFO  o.e.m.c.i.e.AbstractTransferListenerAdapter - Downloaded http://repo.maven.apache.org/maven2/javax/servlet/javax.servlet-api/3.1.0/javax.servlet-api-3.1.0.jar
2014-07-09 12:13:09,501 [Worker-4] INFO  o.e.m.c.i.embedder.EclipseLogger - Skipped XJC execution. No schemas to compile.
2014-07-09 12:13:09,506 [Worker-4] WARN  o.e.m.c.i.embedder.EclipseLogger - Using platform encoding (US-ASCII actually) to copy filtered resources, i.e. build is platform dependent!
2014-07-09 12:13:09,507 [Worker-4] INFO  o.e.m.c.i.embedder.EclipseLogger - Copying 0 resource to WEB-INF
2014-07-09 12:13:09,507 [Worker-4] INFO  o.e.m.c.i.embedder.EclipseLogger - Copying 0 resource
2014-07-09 12:13:09,509 [Worker-4] WARN  o.e.m.c.i.embedder.EclipseLogger - Using platform encoding (US-ASCII actually) to copy filtered resources, i.e. build is platform dependent!
2014-07-09 12:13:09,509 [Worker-4] INFO  o.e.m.c.i.embedder.EclipseLogger - skip non existing resourceDirectory /Users/weiweihou/Desktop/pubmedservice/pubMedCrawler/src/test/resources
2014-07-09 12:13:09,510 [Worker-4] INFO  o.e.m.w.i.f.ResourceFilteringBuildParticipant - Changed resources require a complete clean of filtered resources of pubMedCrawler
2014-07-09 12:13:09,511 [Worker-4] INFO  o.e.m.w.i.f.ResourceFilteringBuildParticipant - Executing resource filtering for pubMedCrawler
2014-07-09 12:13:09,521 [Worker-4] WARN  o.e.m.c.i.embedder.EclipseLogger - Using platform encoding (US-ASCII actually) to copy filtered resources, i.e. build is platform dependent!
2014-07-09 12:13:12,091 [Worker-10] INFO  o.e.m.c.i.embedder.EclipseLogger - Skipped XJC execution. No schemas to compile.
2014-07-09 12:13:12,093 [Worker-10] WARN  o.e.m.c.i.embedder.EclipseLogger - Using platform encoding (US-ASCII actually) to copy filtered resources, i.e. build is platform dependent!
2014-07-09 12:13:12,094 [Worker-10] INFO  o.e.m.c.i.embedder.EclipseLogger - Copying 0 resource to WEB-INF
2014-07-09 12:13:12,095 [Worker-10] INFO  o.e.m.c.i.embedder.EclipseLogger - Copying 0 resource
2014-07-09 12:13:12,097 [Worker-10] WARN  o.e.m.c.i.embedder.EclipseLogger - Using platform encoding (US-ASCII actually) to copy filtered resources, i.e. build is platform dependent!
2014-07-09 12:13:12,097 [Worker-10] INFO  o.e.m.c.i.embedder.EclipseLogger - skip non existing resourceDirectory /Users/weiweihou/Desktop/pubmedservice/pubMedCrawler/src/test/resources
2014-07-09 12:14:12,076 [Worker-8] INFO  o.e.m.c.i.l.LifecycleMappingFactory - Using org.maven.ide.eclipse.wtp.WarLifecycleMapping lifecycle mapping for MavenProject: nicta.pubMedService:pubMedCrawler:0.0.1-SNAPSHOT @ /Users/weiweihou/Desktop/pubmedservice/pubMedCrawler/pom.xml.
2014-07-09 12:14:12,264 [Worker-8] INFO  o.e.m.c.i.embedder.EclipseLogger - Skipped XJC execution. No schemas to compile.
2014-07-09 12:14:12,268 [Worker-8] WARN  o.e.m.c.i.embedder.EclipseLogger - Using platform encoding (US-ASCII actually) to copy filtered resources, i.e. build is platform dependent!
2014-07-09 12:14:12,268 [Worker-8] INFO  o.e.m.c.i.embedder.EclipseLogger - Copying 0 resource to WEB-INF
2014-07-09 12:14:12,269 [Worker-8] INFO  o.e.m.c.i.embedder.EclipseLogger - Copying 0 resource
2014-07-09 12:14:12,270 [Worker-8] WARN  o.e.m.c.i.embedder.EclipseLogger - Using platform encoding (US-ASCII actually) to copy filtered resources, i.e. build is platform dependent!
2014-07-09 12:14:12,271 [Worker-8] INFO  o.e.m.c.i.embedder.EclipseLogger - skip non existing resourceDirectory /Users/weiweihou/Desktop/pubmedservice/pubMedCrawler/src/test/resources
2014-07-09 12:14:12,271 [Worker-8] INFO  o.e.m.w.i.f.ResourceFilteringBuildParticipant - Changed resources require a complete clean of filtered resources of pubMedCrawler
2014-07-09 12:14:12,272 [Worker-8] INFO  o.e.m.w.i.f.ResourceFilteringBuildParticipant - Executing resource filtering for pubMedCrawler
2014-07-09 12:14:12,276 [Worker-8] WARN  o.e.m.c.i.embedder.EclipseLogger - Using platform encoding (US-ASCII actually) to copy filtered resources, i.e. build is platform dependent!
2014-07-09 12:14:24,258 [Worker-11] INFO  o.e.m.c.i.l.LifecycleMappingFactory - Using org.maven.ide.eclipse.wtp.WarLifecycleMapping lifecycle mapping for MavenProject: nicta.pubMedService:pubMedCrawler:0.0.1-SNAPSHOT @ /Users/weiweihou/Desktop/pubmedservice/pubMedCrawler/pom.xml.
2014-07-09 12:14:24,521 [Worker-11] INFO  o.e.m.c.i.embedder.EclipseLogger - Skipped XJC execution. No schemas to compile.
2014-07-09 12:14:24,523 [Worker-11] WARN  o.e.m.c.i.embedder.EclipseLogger - Using platform encoding (US-ASCII actually) to copy filtered resources, i.e. build is platform dependent!
2014-07-09 12:14:24,531 [Worker-11] INFO  o.e.m.c.i.embedder.EclipseLogger - Copying 0 resource to WEB-INF
2014-07-09 12:14:24,531 [Worker-11] INFO  o.e.m.c.i.embedder.EclipseLogger - Copying 0 resource
2014-07-09 12:14:24,535 [Worker-11] WARN  o.e.m.c.i.embedder.EclipseLogger - Using platform encoding (US-ASCII actually) to copy filtered resources, i.e. build is platform dependent!
2014-07-09 12:14:24,535 [Worker-11] INFO  o.e.m.c.i.embedder.EclipseLogger - skip non existing resourceDirectory /Users/weiweihou/Desktop/pubmedservice/pubMedCrawler/src/test/resources
2014-07-09 12:14:24,535 [Worker-11] INFO  o.e.m.w.i.f.ResourceFilteringBuildParticipant - Changed resources require a complete clean of filtered resources of pubMedCrawler
2014-07-09 12:14:24,536 [Worker-11] INFO  o.e.m.w.i.f.ResourceFilteringBuildParticipant - Executing resource filtering for pubMedCrawler
2014-07-09 12:14:24,540 [Worker-11] WARN  o.e.m.c.i.embedder.EclipseLogger - Using platform encoding (US-ASCII actually) to copy filtered resources, i.e. build is platform dependent!
2014-07-09 12:14:26,889 [Worker-8] INFO  o.e.m.c.i.embedder.EclipseLogger - Skipped XJC execution. No schemas to compile.
2014-07-09 12:14:26,891 [Worker-8] WARN  o.e.m.c.i.embedder.EclipseLogger - Using platform encoding (US-ASCII actually) to copy filtered resources, i.e. build is platform dependent!
2014-07-09 12:14:26,892 [Worker-8] INFO  o.e.m.c.i.embedder.EclipseLogger - Copying 0 resource to WEB-INF
2014-07-09 12:14:26,893 [Worker-8] INFO  o.e.m.c.i.embedder.EclipseLogger - Copying 0 resource
2014-07-09 12:14:26,895 [Worker-8] WARN  o.e.m.c.i.embedder.EclipseLogger - Using platform encoding (US-ASCII actually) to copy filtered resources, i.e. build is platform dependent!
2014-07-09 12:14:26,895 [Worker-8] INFO  o.e.m.c.i.embedder.EclipseLogger - skip non existing resourceDirectory /Users/weiweihou/Desktop/pubmedservice/pubMedCrawler/src/test/resources
2014-07-09 12:14:43,270 [Worker-10] INFO  o.e.m.c.i.embedder.EclipseLogger - Skipped XJC execution. No schemas to compile.
2014-07-09 12:14:43,272 [Worker-10] WARN  o.e.m.c.i.embedder.EclipseLogger - Using platform encoding (US-ASCII actually) to copy filtered resources, i.e. build is platform dependent!
2014-07-09 12:14:43,273 [Worker-10] INFO  o.e.m.c.i.embedder.EclipseLogger - Copying 0 resource to WEB-INF
2014-07-09 12:14:43,273 [Worker-10] INFO  o.e.m.c.i.embedder.EclipseLogger - Copying 0 resource
2014-07-09 12:14:43,275 [Worker-10] WARN  o.e.m.c.i.embedder.EclipseLogger - Using platform encoding (US-ASCII actually) to copy filtered resources, i.e. build is platform dependent!
2014-07-09 12:14:43,276 [Worker-10] INFO  o.e.m.c.i.embedder.EclipseLogger - skip non existing resourceDirectory /Users/weiweihou/Desktop/pubmedservice/pubMedCrawler/src/test/resources
2014-07-09 12:14:54,478 [Worker-10] INFO  o.e.m.c.i.embedder.EclipseLogger - Skipped XJC execution. No schemas to compile.
2014-07-09 12:14:54,480 [Worker-10] WARN  o.e.m.c.i.embedder.EclipseLogger - Using platform encoding (US-ASCII actually) to copy filtered resources, i.e. build is platform dependent!
2014-07-09 12:14:54,481 [Worker-10] INFO  o.e.m.c.i.embedder.EclipseLogger - Copying 0 resource to WEB-INF
2014-07-09 12:14:54,481 [Worker-10] INFO  o.e.m.c.i.embedder.EclipseLogger - Copying 0 resource
2014-07-09 12:14:54,483 [Worker-10] WARN  o.e.m.c.i.embedder.EclipseLogger - Using platform encoding (US-ASCII actually) to copy filtered resources, i.e. build is platform dependent!
2014-07-09 12:14:54,483 [Worker-10] INFO  o.e.m.c.i.embedder.EclipseLogger - skip non existing resourceDirectory /Users/weiweihou/Desktop/pubmedservice/pubMedCrawler/src/test/resources
2014-07-09 12:15:00,677 [Worker-8] INFO  o.e.m.c.i.embedder.EclipseLogger - Skipped XJC execution. No schemas to compile.
2014-07-09 12:15:00,679 [Worker-8] WARN  o.e.m.c.i.embedder.EclipseLogger - Using platform encoding (US-ASCII actually) to copy filtered resources, i.e. build is platform dependent!
2014-07-09 12:15:00,680 [Worker-8] INFO  o.e.m.c.i.embedder.EclipseLogger - Copying 0 resource to WEB-INF
2014-07-09 12:15:00,680 [Worker-8] INFO  o.e.m.c.i.embedder.EclipseLogger - Copying 0 resource
2014-07-09 12:15:00,693 [Worker-8] WARN  o.e.m.c.i.embedder.EclipseLogger - Using platform encoding (US-ASCII actually) to copy filtered resources, i.e. build is platform dependent!
2014-07-09 12:15:00,693 [Worker-8] INFO  o.e.m.c.i.embedder.EclipseLogger - skip non existing resourceDirectory /Users/weiweihou/Desktop/pubmedservice/pubMedCrawler/src/test/resources
2014-07-09 12:15:24,960 [Worker-7] INFO  o.e.m.c.i.embedder.EclipseLogger - Skipped XJC execution. No schemas to compile.
2014-07-09 12:15:24,962 [Worker-7] WARN  o.e.m.c.i.embedder.EclipseLogger - Using platform encoding (US-ASCII actually) to copy filtered resources, i.e. build is platform dependent!
2014-07-09 12:15:24,963 [Worker-7] INFO  o.e.m.c.i.embedder.EclipseLogger - Copying 0 resource to WEB-INF
2014-07-09 12:15:24,964 [Worker-7] INFO  o.e.m.c.i.embedder.EclipseLogger - Copying 0 resource
2014-07-09 12:15:24,965 [Worker-7] WARN  o.e.m.c.i.embedder.EclipseLogger - Using platform encoding (US-ASCII actually) to copy filtered resources, i.e. build is platform dependent!
2014-07-09 12:15:24,966 [Worker-7] INFO  o.e.m.c.i.embedder.EclipseLogger - skip non existing resourceDirectory /Users/weiweihou/Desktop/pubmedservice/pubMedCrawler/src/test/resources
2014-07-09 12:15:33,992 [Worker-11] INFO  o.e.m.c.i.embedder.EclipseLogger - Skipped XJC execution. No schemas to compile.
2014-07-09 12:15:33,993 [Worker-11] WARN  o.e.m.c.i.embedder.EclipseLogger - Using platform encoding (US-ASCII actually) to copy filtered resources, i.e. build is platform dependent!
2014-07-09 12:15:33,994 [Worker-11] INFO  o.e.m.c.i.embedder.EclipseLogger - Copying 0 resource to WEB-INF
2014-07-09 12:15:33,995 [Worker-11] INFO  o.e.m.c.i.embedder.EclipseLogger - Copying 0 resource
2014-07-09 12:15:33,996 [Worker-11] WARN  o.e.m.c.i.embedder.EclipseLogger - Using platform encoding (US-ASCII actually) to copy filtered resources, i.e. build is platform dependent!
2014-07-09 12:15:33,997 [Worker-11] INFO  o.e.m.c.i.embedder.EclipseLogger - skip non existing resourceDirectory /Users/weiweihou/Desktop/pubmedservice/pubMedCrawler/src/test/resources
2014-07-09 12:16:09,865 [Worker-10] INFO  o.e.m.c.i.embedder.EclipseLogger - Skipped XJC execution. No schemas to compile.
2014-07-09 12:16:09,868 [Worker-10] WARN  o.e.m.c.i.embedder.EclipseLogger - Using platform encoding (US-ASCII actually) to copy filtered resources, i.e. build is platform dependent!
2014-07-09 12:16:09,869 [Worker-10] INFO  o.e.m.c.i.embedder.EclipseLogger - Copying 0 resource to WEB-INF
2014-07-09 12:16:09,869 [Worker-10] INFO  o.e.m.c.i.embedder.EclipseLogger - Copying 0 resource
2014-07-09 12:16:09,873 [Worker-10] WARN  o.e.m.c.i.embedder.EclipseLogger - Using platform encoding (US-ASCII actually) to copy filtered resources, i.e. build is platform dependent!
2014-07-09 12:16:09,873 [Worker-10] INFO  o.e.m.c.i.embedder.EclipseLogger - skip non existing resourceDirectory /Users/weiweihou/Desktop/pubmedservice/pubMedCrawler/src/test/resources
2014-07-09 12:16:20,228 [Worker-0] INFO  o.e.m.c.i.embedder.EclipseLogger - Skipped XJC execution. No schemas to compile.
2014-07-09 12:16:20,230 [Worker-0] WARN  o.e.m.c.i.embedder.EclipseLogger - Using platform encoding (US-ASCII actually) to copy filtered resources, i.e. build is platform dependent!
2014-07-09 12:16:20,231 [Worker-0] INFO  o.e.m.c.i.embedder.EclipseLogger - Copying 0 resource to WEB-INF
2014-07-09 12:16:20,231 [Worker-0] INFO  o.e.m.c.i.embedder.EclipseLogger - Copying 0 resource
2014-07-09 12:16:20,233 [Worker-0] WARN  o.e.m.c.i.embedder.EclipseLogger - Using platform encoding (US-ASCII actually) to copy filtered resources, i.e. build is platform dependent!
2014-07-09 12:16:20,234 [Worker-0] INFO  o.e.m.c.i.embedder.EclipseLogger - skip non existing resourceDirectory /Users/weiweihou/Desktop/pubmedservice/pubMedCrawler/src/test/resources
2014-07-09 12:21:29,198 [Worker-20] INFO  o.e.m.c.i.embedder.EclipseLogger - Skipped XJC execution. No schemas to compile.
2014-07-09 12:21:29,201 [Worker-20] WARN  o.e.m.c.i.embedder.EclipseLogger - Using platform encoding (US-ASCII actually) to copy filtered resources, i.e. build is platform dependent!
2014-07-09 12:21:29,203 [Worker-20] INFO  o.e.m.c.i.embedder.EclipseLogger - Copying 0 resource to WEB-INF
2014-07-09 12:21:29,204 [Worker-20] INFO  o.e.m.c.i.embedder.EclipseLogger - Copying 0 resource
2014-07-09 12:21:29,206 [Worker-20] WARN  o.e.m.c.i.embedder.EclipseLogger - Using platform encoding (US-ASCII actually) to copy filtered resources, i.e. build is platform dependent!
2014-07-09 12:21:29,206 [Worker-20] INFO  o.e.m.c.i.embedder.EclipseLogger - skip non existing resourceDirectory /Users/weiweihou/Desktop/pubmedservice/pubMedCrawler/src/test/resources
2014-07-09 12:22:07,590 [Worker-100] INFO  o.e.m.c.i.embedder.EclipseLogger - Skipped XJC execution. No schemas to compile.
2014-07-09 12:22:07,595 [Worker-100] WARN  o.e.m.c.i.embedder.EclipseLogger - Using platform encoding (US-ASCII actually) to copy filtered resources, i.e. build is platform dependent!
2014-07-09 12:22:07,596 [Worker-100] INFO  o.e.m.c.i.embedder.EclipseLogger - Copying 0 resource to WEB-INF
2014-07-09 12:22:07,597 [Worker-100] INFO  o.e.m.c.i.embedder.EclipseLogger - Copying 0 resource
2014-07-09 12:22:07,598 [Worker-100] WARN  o.e.m.c.i.embedder.EclipseLogger - Using platform encoding (US-ASCII actually) to copy filtered resources, i.e. build is platform dependent!
2014-07-09 12:22:07,599 [Worker-100] INFO  o.e.m.c.i.embedder.EclipseLogger - skip non existing resourceDirectory /Users/weiweihou/Desktop/pubmedservice/pubMedCrawler/src/test/resources
2014-07-09 12:22:14,042 [Worker-113] INFO  o.e.m.c.i.embedder.EclipseLogger - Skipped XJC execution. No schemas to compile.
2014-07-09 12:22:14,044 [Worker-113] WARN  o.e.m.c.i.embedder.EclipseLogger - Using platform encoding (US-ASCII actually) to copy filtered resources, i.e. build is platform dependent!
2014-07-09 12:22:14,045 [Worker-113] INFO  o.e.m.c.i.embedder.EclipseLogger - Copying 0 resource to WEB-INF
2014-07-09 12:22:14,046 [Worker-113] INFO  o.e.m.c.i.embedder.EclipseLogger - Copying 0 resource
2014-07-09 12:22:14,048 [Worker-113] WARN  o.e.m.c.i.embedder.EclipseLogger - Using platform encoding (US-ASCII actually) to copy filtered resources, i.e. build is platform dependent!
2014-07-09 12:22:14,048 [Worker-113] INFO  o.e.m.c.i.embedder.EclipseLogger - skip non existing resourceDirectory /Users/weiweihou/Desktop/pubmedservice/pubMedCrawler/src/test/resources
2014-07-09 12:22:24,763 [Worker-69] INFO  o.e.m.c.i.embedder.EclipseLogger - Skipped XJC execution. No schemas to compile.
2014-07-09 12:22:24,765 [Worker-69] WARN  o.e.m.c.i.embedder.EclipseLogger - Using platform encoding (US-ASCII actually) to copy filtered resources, i.e. build is platform dependent!
2014-07-09 12:22:24,766 [Worker-69] INFO  o.e.m.c.i.embedder.EclipseLogger - Copying 0 resource to WEB-INF
2014-07-09 12:22:24,766 [Worker-69] INFO  o.e.m.c.i.embedder.EclipseLogger - Copying 0 resource
2014-07-09 12:22:24,768 [Worker-69] WARN  o.e.m.c.i.embedder.EclipseLogger - Using platform encoding (US-ASCII actually) to copy filtered resources, i.e. build is platform dependent!
2014-07-09 12:22:24,769 [Worker-69] INFO  o.e.m.c.i.embedder.EclipseLogger - skip non existing resourceDirectory /Users/weiweihou/Desktop/pubmedservice/pubMedCrawler/src/test/resources
2014-07-09 12:22:37,809 [Worker-29] INFO  o.e.m.c.i.embedder.EclipseLogger - Skipped XJC execution. No schemas to compile.
2014-07-09 12:22:37,811 [Worker-29] WARN  o.e.m.c.i.embedder.EclipseLogger - Using platform encoding (US-ASCII actually) to copy filtered resources, i.e. build is platform dependent!
2014-07-09 12:22:37,812 [Worker-29] INFO  o.e.m.c.i.embedder.EclipseLogger - Copying 0 resource to WEB-INF
2014-07-09 12:22:37,812 [Worker-29] INFO  o.e.m.c.i.embedder.EclipseLogger - Copying 0 resource
2014-07-09 12:22:37,813 [Worker-29] WARN  o.e.m.c.i.embedder.EclipseLogger - Using platform encoding (US-ASCII actually) to copy filtered resources, i.e. build is platform dependent!
2014-07-09 12:22:37,814 [Worker-29] INFO  o.e.m.c.i.embedder.EclipseLogger - skip non existing resourceDirectory /Users/weiweihou/Desktop/pubmedservice/pubMedCrawler/src/test/resources
2014-07-09 12:22:43,231 [Worker-59] INFO  o.e.m.c.i.embedder.EclipseLogger - Skipped XJC execution. No schemas to compile.
2014-07-09 12:22:43,232 [Worker-59] WARN  o.e.m.c.i.embedder.EclipseLogger - Using platform encoding (US-ASCII actually) to copy filtered resources, i.e. build is platform dependent!
2014-07-09 12:22:43,233 [Worker-59] INFO  o.e.m.c.i.embedder.EclipseLogger - Copying 0 resource to WEB-INF
2014-07-09 12:22:43,233 [Worker-59] INFO  o.e.m.c.i.embedder.EclipseLogger - Copying 0 resource
2014-07-09 12:22:43,235 [Worker-59] WARN  o.e.m.c.i.embedder.EclipseLogger - Using platform encoding (US-ASCII actually) to copy filtered resources, i.e. build is platform dependent!
2014-07-09 12:22:43,235 [Worker-59] INFO  o.e.m.c.i.embedder.EclipseLogger - skip non existing resourceDirectory /Users/weiweihou/Desktop/pubmedservice/pubMedCrawler/src/test/resources
2014-07-09 12:22:48,435 [Worker-93] INFO  o.e.m.c.i.embedder.EclipseLogger - Skipped XJC execution. No schemas to compile.
2014-07-09 12:22:48,437 [Worker-93] WARN  o.e.m.c.i.embedder.EclipseLogger - Using platform encoding (US-ASCII actually) to copy filtered resources, i.e. build is platform dependent!
2014-07-09 12:22:48,437 [Worker-93] INFO  o.e.m.c.i.embedder.EclipseLogger - Copying 0 resource to WEB-INF
2014-07-09 12:22:48,437 [Worker-93] INFO  o.e.m.c.i.embedder.EclipseLogger - Copying 0 resource
2014-07-09 12:22:48,439 [Worker-93] WARN  o.e.m.c.i.embedder.EclipseLogger - Using platform encoding (US-ASCII actually) to copy filtered resources, i.e. build is platform dependent!
2014-07-09 12:22:48,440 [Worker-93] INFO  o.e.m.c.i.embedder.EclipseLogger - skip non existing resourceDirectory /Users/weiweihou/Desktop/pubmedservice/pubMedCrawler/src/test/resources
2014-07-09 14:02:09,058 [Worker-130] INFO  o.e.m.c.i.embedder.EclipseLogger - Skipped XJC execution. No schemas to compile.
2014-07-09 14:02:09,060 [Worker-130] WARN  o.e.m.c.i.embedder.EclipseLogger - Using platform encoding (US-ASCII actually) to copy filtered resources, i.e. build is platform dependent!
2014-07-09 14:02:09,081 [Worker-130] INFO  o.e.m.c.i.embedder.EclipseLogger - Copying 0 resource to WEB-INF
2014-07-09 14:02:09,081 [Worker-130] INFO  o.e.m.c.i.embedder.EclipseLogger - Copying 0 resource
2014-07-09 14:02:09,083 [Worker-130] WARN  o.e.m.c.i.embedder.EclipseLogger - Using platform encoding (US-ASCII actually) to copy filtered resources, i.e. build is platform dependent!
2014-07-09 14:02:09,084 [Worker-130] INFO  o.e.m.c.i.embedder.EclipseLogger - skip non existing resourceDirectory /Users/weiweihou/Desktop/pubmedservice/pubMedCrawler/src/test/resources
2014-07-09 14:02:17,005 [Worker-128] INFO  o.e.m.c.i.embedder.EclipseLogger - Skipped XJC execution. No schemas to compile.
2014-07-09 14:02:17,007 [Worker-128] WARN  o.e.m.c.i.embedder.EclipseLogger - Using platform encoding (US-ASCII actually) to copy filtered resources, i.e. build is platform dependent!
2014-07-09 14:02:17,008 [Worker-128] INFO  o.e.m.c.i.embedder.EclipseLogger - Copying 0 resource to WEB-INF
2014-07-09 14:02:17,008 [Worker-128] INFO  o.e.m.c.i.embedder.EclipseLogger - Copying 0 resource
2014-07-09 14:02:17,010 [Worker-128] WARN  o.e.m.c.i.embedder.EclipseLogger - Using platform encoding (US-ASCII actually) to copy filtered resources, i.e. build is platform dependent!
2014-07-09 14:02:17,011 [Worker-128] INFO  o.e.m.c.i.embedder.EclipseLogger - skip non existing resourceDirectory /Users/weiweihou/Desktop/pubmedservice/pubMedCrawler/src/test/resources
2014-07-09 14:02:55,569 [Worker-133] INFO  o.e.m.c.i.embedder.EclipseLogger - Skipped XJC execution. No schemas to compile.
2014-07-09 14:02:55,571 [Worker-133] WARN  o.e.m.c.i.embedder.EclipseLogger - Using platform encoding (US-ASCII actually) to copy filtered resources, i.e. build is platform dependent!
2014-07-09 14:02:55,572 [Worker-133] INFO  o.e.m.c.i.embedder.EclipseLogger - Copying 0 resource to WEB-INF
2014-07-09 14:02:55,572 [Worker-133] INFO  o.e.m.c.i.embedder.EclipseLogger - Copying 0 resource
2014-07-09 14:02:55,574 [Worker-133] WARN  o.e.m.c.i.embedder.EclipseLogger - Using platform encoding (US-ASCII actually) to copy filtered resources, i.e. build is platform dependent!
2014-07-09 14:02:55,574 [Worker-133] INFO  o.e.m.c.i.embedder.EclipseLogger - skip non existing resourceDirectory /Users/weiweihou/Desktop/pubmedservice/pubMedCrawler/src/test/resources
2014-07-09 14:03:19,487 [Worker-134] INFO  o.e.m.c.i.embedder.EclipseLogger - Skipped XJC execution. No schemas to compile.
2014-07-09 14:03:19,489 [Worker-134] WARN  o.e.m.c.i.embedder.EclipseLogger - Using platform encoding (US-ASCII actually) to copy filtered resources, i.e. build is platform dependent!
2014-07-09 14:03:19,490 [Worker-134] INFO  o.e.m.c.i.embedder.EclipseLogger - Copying 0 resource to WEB-INF
2014-07-09 14:03:19,490 [Worker-134] INFO  o.e.m.c.i.embedder.EclipseLogger - Copying 0 resource
2014-07-09 14:03:19,492 [Worker-134] WARN  o.e.m.c.i.embedder.EclipseLogger - Using platform encoding (US-ASCII actually) to copy filtered resources, i.e. build is platform dependent!
2014-07-09 14:03:19,492 [Worker-134] INFO  o.e.m.c.i.embedder.EclipseLogger - skip non existing resourceDirectory /Users/weiweihou/Desktop/pubmedservice/pubMedCrawler/src/test/resources
2014-07-09 14:03:33,027 [Worker-128] INFO  o.e.m.c.i.embedder.EclipseLogger - Skipped XJC execution. No schemas to compile.
2014-07-09 14:03:33,029 [Worker-128] WARN  o.e.m.c.i.embedder.EclipseLogger - Using platform encoding (US-ASCII actually) to copy filtered resources, i.e. build is platform dependent!
2014-07-09 14:03:33,030 [Worker-128] INFO  o.e.m.c.i.embedder.EclipseLogger - Copying 0 resource to WEB-INF
2014-07-09 14:03:33,030 [Worker-128] INFO  o.e.m.c.i.embedder.EclipseLogger - Copying 0 resource
2014-07-09 14:03:33,031 [Worker-128] WARN  o.e.m.c.i.embedder.EclipseLogger - Using platform encoding (US-ASCII actually) to copy filtered resources, i.e. build is platform dependent!
2014-07-09 14:03:33,032 [Worker-128] INFO  o.e.m.c.i.embedder.EclipseLogger - skip non existing resourceDirectory /Users/weiweihou/Desktop/pubmedservice/pubMedCrawler/src/test/resources
2014-07-09 14:03:52,058 [Worker-131] INFO  o.e.m.c.i.embedder.EclipseLogger - Skipped XJC execution. No schemas to compile.
2014-07-09 14:03:52,060 [Worker-131] WARN  o.e.m.c.i.embedder.EclipseLogger - Using platform encoding (US-ASCII actually) to copy filtered resources, i.e. build is platform dependent!
2014-07-09 14:03:52,061 [Worker-131] INFO  o.e.m.c.i.embedder.EclipseLogger - Copying 0 resource to WEB-INF
2014-07-09 14:03:52,062 [Worker-131] INFO  o.e.m.c.i.embedder.EclipseLogger - Copying 0 resource
2014-07-09 14:03:52,063 [Worker-131] WARN  o.e.m.c.i.embedder.EclipseLogger - Using platform encoding (US-ASCII actually) to copy filtered resources, i.e. build is platform dependent!
2014-07-09 14:03:52,064 [Worker-131] INFO  o.e.m.c.i.embedder.EclipseLogger - skip non existing resourceDirectory /Users/weiweihou/Desktop/pubmedservice/pubMedCrawler/src/test/resources
2014-07-09 14:04:12,915 [Worker-134] INFO  o.e.m.c.i.embedder.EclipseLogger - Skipped XJC execution. No schemas to compile.
2014-07-09 14:04:12,917 [Worker-134] WARN  o.e.m.c.i.embedder.EclipseLogger - Using platform encoding (US-ASCII actually) to copy filtered resources, i.e. build is platform dependent!
2014-07-09 14:04:12,918 [Worker-134] INFO  o.e.m.c.i.embedder.EclipseLogger - Copying 0 resource to WEB-INF
2014-07-09 14:04:12,919 [Worker-134] INFO  o.e.m.c.i.embedder.EclipseLogger - Copying 0 resource
2014-07-09 14:04:12,921 [Worker-134] WARN  o.e.m.c.i.embedder.EclipseLogger - Using platform encoding (US-ASCII actually) to copy filtered resources, i.e. build is platform dependent!
2014-07-09 14:04:12,921 [Worker-134] INFO  o.e.m.c.i.embedder.EclipseLogger - skip non existing resourceDirectory /Users/weiweihou/Desktop/pubmedservice/pubMedCrawler/src/test/resources
2014-07-09 14:04:26,872 [Worker-128] INFO  o.e.m.c.i.embedder.EclipseLogger - Skipped XJC execution. No schemas to compile.
2014-07-09 14:04:26,874 [Worker-128] WARN  o.e.m.c.i.embedder.EclipseLogger - Using platform encoding (US-ASCII actually) to copy filtered resources, i.e. build is platform dependent!
2014-07-09 14:04:26,875 [Worker-128] INFO  o.e.m.c.i.embedder.EclipseLogger - Copying 0 resource to WEB-INF
2014-07-09 14:04:26,875 [Worker-128] INFO  o.e.m.c.i.embedder.EclipseLogger - Copying 0 resource
2014-07-09 14:04:26,877 [Worker-128] WARN  o.e.m.c.i.embedder.EclipseLogger - Using platform encoding (US-ASCII actually) to copy filtered resources, i.e. build is platform dependent!
2014-07-09 14:04:26,878 [Worker-128] INFO  o.e.m.c.i.embedder.EclipseLogger - skip non existing resourceDirectory /Users/weiweihou/Desktop/pubmedservice/pubMedCrawler/src/test/resources
2014-07-09 14:04:40,480 [Worker-134] INFO  o.e.m.c.i.embedder.EclipseLogger - Skipped XJC execution. No schemas to compile.
2014-07-09 14:04:40,482 [Worker-134] WARN  o.e.m.c.i.embedder.EclipseLogger - Using platform encoding (US-ASCII actually) to copy filtered resources, i.e. build is platform dependent!
2014-07-09 14:04:40,483 [Worker-134] INFO  o.e.m.c.i.embedder.EclipseLogger - Copying 0 resource to WEB-INF
2014-07-09 14:04:40,483 [Worker-134] INFO  o.e.m.c.i.embedder.EclipseLogger - Copying 0 resource
2014-07-09 14:04:40,512 [Worker-134] WARN  o.e.m.c.i.embedder.EclipseLogger - Using platform encoding (US-ASCII actually) to copy filtered resources, i.e. build is platform dependent!
2014-07-09 14:04:40,513 [Worker-134] INFO  o.e.m.c.i.embedder.EclipseLogger - skip non existing resourceDirectory /Users/weiweihou/Desktop/pubmedservice/pubMedCrawler/src/test/resources
2014-07-09 14:04:59,541 [Worker-128] INFO  o.e.m.c.i.embedder.EclipseLogger - Skipped XJC execution. No schemas to compile.
2014-07-09 14:04:59,543 [Worker-128] WARN  o.e.m.c.i.embedder.EclipseLogger - Using platform encoding (US-ASCII actually) to copy filtered resources, i.e. build is platform dependent!
2014-07-09 14:04:59,544 [Worker-128] INFO  o.e.m.c.i.embedder.EclipseLogger - Copying 0 resource to WEB-INF
2014-07-09 14:04:59,545 [Worker-128] INFO  o.e.m.c.i.embedder.EclipseLogger - Copying 0 resource
2014-07-09 14:04:59,547 [Worker-128] WARN  o.e.m.c.i.embedder.EclipseLogger - Using platform encoding (US-ASCII actually) to copy filtered resources, i.e. build is platform dependent!
2014-07-09 14:04:59,548 [Worker-128] INFO  o.e.m.c.i.embedder.EclipseLogger - skip non existing resourceDirectory /Users/weiweihou/Desktop/pubmedservice/pubMedCrawler/src/test/resources
2014-07-09 14:05:23,071 [Worker-133] INFO  o.e.m.c.i.embedder.EclipseLogger - Skipped XJC execution. No schemas to compile.
2014-07-09 14:05:23,073 [Worker-133] WARN  o.e.m.c.i.embedder.EclipseLogger - Using platform encoding (US-ASCII actually) to copy filtered resources, i.e. build is platform dependent!
2014-07-09 14:05:23,074 [Worker-133] INFO  o.e.m.c.i.embedder.EclipseLogger - Copying 0 resource to WEB-INF
2014-07-09 14:05:23,074 [Worker-133] INFO  o.e.m.c.i.embedder.EclipseLogger - Copying 0 resource
2014-07-09 14:05:23,076 [Worker-133] WARN  o.e.m.c.i.embedder.EclipseLogger - Using platform encoding (US-ASCII actually) to copy filtered resources, i.e. build is platform dependent!
2014-07-09 14:05:23,077 [Worker-133] INFO  o.e.m.c.i.embedder.EclipseLogger - skip non existing resourceDirectory /Users/weiweihou/Desktop/pubmedservice/pubMedCrawler/src/test/resources
2014-07-09 14:05:53,875 [Worker-130] INFO  o.e.m.c.i.embedder.EclipseLogger - Skipped XJC execution. No schemas to compile.
2014-07-09 14:05:53,877 [Worker-130] WARN  o.e.m.c.i.embedder.EclipseLogger - Using platform encoding (US-ASCII actually) to copy filtered resources, i.e. build is platform dependent!
2014-07-09 14:05:53,878 [Worker-130] INFO  o.e.m.c.i.embedder.EclipseLogger - Copying 0 resource to WEB-INF
2014-07-09 14:05:53,879 [Worker-130] INFO  o.e.m.c.i.embedder.EclipseLogger - Copying 0 resource
2014-07-09 14:05:53,881 [Worker-130] WARN  o.e.m.c.i.embedder.EclipseLogger - Using platform encoding (US-ASCII actually) to copy filtered resources, i.e. build is platform dependent!
2014-07-09 14:05:53,881 [Worker-130] INFO  o.e.m.c.i.embedder.EclipseLogger - skip non existing resourceDirectory /Users/weiweihou/Desktop/pubmedservice/pubMedCrawler/src/test/resources
2014-07-09 14:06:11,765 [Worker-133] INFO  o.e.m.c.i.embedder.EclipseLogger - Skipped XJC execution. No schemas to compile.
2014-07-09 14:06:11,767 [Worker-133] WARN  o.e.m.c.i.embedder.EclipseLogger - Using platform encoding (US-ASCII actually) to copy filtered resources, i.e. build is platform dependent!
2014-07-09 14:06:11,768 [Worker-133] INFO  o.e.m.c.i.embedder.EclipseLogger - Copying 0 resource to WEB-INF
2014-07-09 14:06:11,768 [Worker-133] INFO  o.e.m.c.i.embedder.EclipseLogger - Copying 0 resource
2014-07-09 14:06:11,770 [Worker-133] WARN  o.e.m.c.i.embedder.EclipseLogger - Using platform encoding (US-ASCII actually) to copy filtered resources, i.e. build is platform dependent!
2014-07-09 14:06:11,771 [Worker-133] INFO  o.e.m.c.i.embedder.EclipseLogger - skip non existing resourceDirectory /Users/weiweihou/Desktop/pubmedservice/pubMedCrawler/src/test/resources
2014-07-09 14:06:42,030 [Worker-134] INFO  o.e.m.c.i.embedder.EclipseLogger - Skipped XJC execution. No schemas to compile.
2014-07-09 14:06:42,042 [Worker-134] WARN  o.e.m.c.i.embedder.EclipseLogger - Using platform encoding (US-ASCII actually) to copy filtered resources, i.e. build is platform dependent!
2014-07-09 14:06:42,044 [Worker-134] INFO  o.e.m.c.i.embedder.EclipseLogger - Copying 0 resource to WEB-INF
2014-07-09 14:06:42,044 [Worker-134] INFO  o.e.m.c.i.embedder.EclipseLogger - Copying 0 resource
2014-07-09 14:06:42,052 [Worker-134] WARN  o.e.m.c.i.embedder.EclipseLogger - Using platform encoding (US-ASCII actually) to copy filtered resources, i.e. build is platform dependent!
2014-07-09 14:06:42,052 [Worker-134] INFO  o.e.m.c.i.embedder.EclipseLogger - skip non existing resourceDirectory /Users/weiweihou/Desktop/pubmedservice/pubMedCrawler/src/test/resources
2014-07-09 14:17:34,813 [Worker-135] INFO  o.e.m.c.i.embedder.EclipseLogger - Skipped XJC execution. No schemas to compile.
2014-07-09 14:17:34,815 [Worker-135] WARN  o.e.m.c.i.embedder.EclipseLogger - Using platform encoding (US-ASCII actually) to copy filtered resources, i.e. build is platform dependent!
2014-07-09 14:17:34,816 [Worker-135] INFO  o.e.m.c.i.embedder.EclipseLogger - Copying 0 resource to WEB-INF
2014-07-09 14:17:34,816 [Worker-135] INFO  o.e.m.c.i.embedder.EclipseLogger - Copying 0 resource
2014-07-09 14:17:34,818 [Worker-135] WARN  o.e.m.c.i.embedder.EclipseLogger - Using platform encoding (US-ASCII actually) to copy filtered resources, i.e. build is platform dependent!
2014-07-09 14:17:34,818 [Worker-135] INFO  o.e.m.c.i.embedder.EclipseLogger - skip non existing resourceDirectory /Users/weiweihou/Desktop/pubmedservice/pubMedCrawler/src/test/resources
2014-07-09 14:18:58,764 [Worker-130] INFO  o.e.m.c.i.embedder.EclipseLogger - Skipped XJC execution. No schemas to compile.
2014-07-09 14:18:58,766 [Worker-130] WARN  o.e.m.c.i.embedder.EclipseLogger - Using platform encoding (US-ASCII actually) to copy filtered resources, i.e. build is platform dependent!
2014-07-09 14:18:58,767 [Worker-130] INFO  o.e.m.c.i.embedder.EclipseLogger - Copying 0 resource to WEB-INF
2014-07-09 14:18:58,767 [Worker-130] INFO  o.e.m.c.i.embedder.EclipseLogger - Copying 0 resource
2014-07-09 14:18:58,769 [Worker-130] WARN  o.e.m.c.i.embedder.EclipseLogger - Using platform encoding (US-ASCII actually) to copy filtered resources, i.e. build is platform dependent!
2014-07-09 14:18:58,769 [Worker-130] INFO  o.e.m.c.i.embedder.EclipseLogger - skip non existing resourceDirectory /Users/weiweihou/Desktop/pubmedservice/pubMedCrawler/src/test/resources
2014-07-09 14:21:24,401 [Worker-128] INFO  o.e.m.c.i.embedder.EclipseLogger - Skipped XJC execution. No schemas to compile.
2014-07-09 14:21:24,403 [Worker-128] WARN  o.e.m.c.i.embedder.EclipseLogger - Using platform encoding (US-ASCII actually) to copy filtered resources, i.e. build is platform dependent!
2014-07-09 14:21:24,404 [Worker-128] INFO  o.e.m.c.i.embedder.EclipseLogger - Copying 0 resource to WEB-INF
2014-07-09 14:21:24,404 [Worker-128] INFO  o.e.m.c.i.embedder.EclipseLogger - Copying 0 resource
2014-07-09 14:21:24,406 [Worker-128] WARN  o.e.m.c.i.embedder.EclipseLogger - Using platform encoding (US-ASCII actually) to copy filtered resources, i.e. build is platform dependent!
2014-07-09 14:21:24,407 [Worker-128] INFO  o.e.m.c.i.embedder.EclipseLogger - skip non existing resourceDirectory /Users/weiweihou/Desktop/pubmedservice/pubMedCrawler/src/test/resources
2014-07-09 14:22:09,180 [Worker-130] INFO  o.e.m.c.i.embedder.EclipseLogger - Skipped XJC execution. No schemas to compile.
2014-07-09 14:22:09,182 [Worker-130] WARN  o.e.m.c.i.embedder.EclipseLogger - Using platform encoding (US-ASCII actually) to copy filtered resources, i.e. build is platform dependent!
2014-07-09 14:22:09,183 [Worker-130] INFO  o.e.m.c.i.embedder.EclipseLogger - Copying 0 resource to WEB-INF
2014-07-09 14:22:09,184 [Worker-130] INFO  o.e.m.c.i.embedder.EclipseLogger - Copying 0 resource
2014-07-09 14:22:09,186 [Worker-130] WARN  o.e.m.c.i.embedder.EclipseLogger - Using platform encoding (US-ASCII actually) to copy filtered resources, i.e. build is platform dependent!
2014-07-09 14:22:09,187 [Worker-130] INFO  o.e.m.c.i.embedder.EclipseLogger - skip non existing resourceDirectory /Users/weiweihou/Desktop/pubmedservice/pubMedCrawler/src/test/resources
2014-07-09 14:29:36,030 [Worker-135] INFO  o.e.m.c.i.embedder.EclipseLogger - Skipped XJC execution. No schemas to compile.
2014-07-09 14:29:36,032 [Worker-135] WARN  o.e.m.c.i.embedder.EclipseLogger - Using platform encoding (US-ASCII actually) to copy filtered resources, i.e. build is platform dependent!
2014-07-09 14:29:36,033 [Worker-135] INFO  o.e.m.c.i.embedder.EclipseLogger - Copying 0 resource to WEB-INF
2014-07-09 14:29:36,034 [Worker-135] INFO  o.e.m.c.i.embedder.EclipseLogger - Copying 0 resource
2014-07-09 14:29:36,035 [Worker-135] WARN  o.e.m.c.i.embedder.EclipseLogger - Using platform encoding (US-ASCII actually) to copy filtered resources, i.e. build is platform dependent!
2014-07-09 14:29:36,036 [Worker-135] INFO  o.e.m.c.i.embedder.EclipseLogger - skip non existing resourceDirectory /Users/weiweihou/Desktop/pubmedservice/pubMedCrawler/src/test/resources
2014-07-09 14:30:06,818 [Worker-130] INFO  o.e.m.c.i.embedder.EclipseLogger - Skipped XJC execution. No schemas to compile.
2014-07-09 14:30:06,820 [Worker-130] WARN  o.e.m.c.i.embedder.EclipseLogger - Using platform encoding (US-ASCII actually) to copy filtered resources, i.e. build is platform dependent!
2014-07-09 14:30:06,822 [Worker-130] INFO  o.e.m.c.i.embedder.EclipseLogger - Copying 0 resource to WEB-INF
2014-07-09 14:30:06,822 [Worker-130] INFO  o.e.m.c.i.embedder.EclipseLogger - Copying 0 resource
2014-07-09 14:30:06,824 [Worker-130] WARN  o.e.m.c.i.embedder.EclipseLogger - Using platform encoding (US-ASCII actually) to copy filtered resources, i.e. build is platform dependent!
2014-07-09 14:30:06,824 [Worker-130] INFO  o.e.m.c.i.embedder.EclipseLogger - skip non existing resourceDirectory /Users/weiweihou/Desktop/pubmedservice/pubMedCrawler/src/test/resources
